build/app/intermediates/manifest_merge_blame_file/release/manifest-merger-blame-release-report 2.txt
1<?xml version="1.0" encoding="utf-8"?>
2<manifest xmlns:android="http://schemas.android.com/apk/res/android"
3    package="com.example.sg_traffic_images"
4    android:versionCode="1"
5    android:versionName="1.0.0" >
6
7    <uses-sdk
8        android:minSdkVersion="16"
8-->src/main/AndroidManifest.xml
9        android:targetSdkVersion="28" />
9-->src/main/AndroidManifest.xml
10    <!-- Include required permissions for Google Maps API to run. -->
11    <uses-permission android:name="android.permission.ACCESS_NETWORK_STATE" />
11-->[com.google.android.gms:play-services-maps:17.0.0] AndroidManifest.xml:23:5-79
11-->[com.google.android.gms:play-services-maps:17.0.0] AndroidManifest.xml:23:22-76
12    <uses-permission android:name="android.permission.INTERNET" />
12-->[com.google.android.gms:play-services-maps:17.0.0] AndroidManifest.xml:24:5-67
12-->[com.google.android.gms:play-services-maps:17.0.0] AndroidManifest.xml:24:22-64
13
14    <uses-feature
14-->[com.google.android.gms:play-services-maps:17.0.0] AndroidManifest.xml:26:5-28:35
15        android:glEsVersion="0x00020000"
15-->[com.google.android.gms:play-services-maps:17.0.0] AndroidManifest.xml:27:9-41
16        android:required="true" />
16-->[com.google.android.gms:play-services-maps:17.0.0] AndroidManifest.xml:28:9-32
17    <!--
18 io.flutter.app.FlutterApplication is an android.app.Application that
19         calls FlutterMain.startInitialization(this); in its onCreate method.
20         In most cases you can leave this as-is, but you if you want to provide
21         additional functionality it is fine to subclass or reimplement
22         FlutterApplication and put your custom class here.
23    -->
24    <application
24-->src/main/AndroidManifest.xml:8:5-33:19
25        android:name="io.flutter.app.FlutterApplication"
25-->src/main/AndroidManifest.xml:9:9-57
26        android:appComponentFactory="androidx.core.app.CoreComponentFactory"
26-->[androidx.core:core:1.0.0] AndroidManifest.xml:22:18-86
27        android:icon="@mipmap/ic_launcher"
27-->src/main/AndroidManifest.xml:11:9-43
28        android:label="sg_traffic_images" >
28-->src/main/AndroidManifest.xml:10:9-42
29
30        <!-- Add the following entry, with your API key -->
31        <meta-data
31-->src/main/AndroidManifest.xml:14:9-15:73
32            android:name="com.google.android.geo.API_KEY"
32-->src/main/AndroidManifest.xml:14:20-65
33            android:value="AIzaSyDiK96aQ2Yy03ax7RzXmxwInMGns0fIEUs" />
33-->src/main/AndroidManifest.xml:15:16-71
34
35        <activity
35-->src/main/AndroidManifest.xml:16:9-27:20
36            android:name="com.example.sg_traffic_images.MainActivity"
36-->src/main/AndroidManifest.xml:17:13-41
37            android:configChanges="orientation|keyboardHidden|keyboard|screenSize|smallestScreenSize|locale|layoutDirection|fontScale|screenLayout|density|uiMode"
37-->src/main/AndroidManifest.xml:20:13-163
38            android:hardwareAccelerated="true"
38-->src/main/AndroidManifest.xml:21:13-47
39            android:launchMode="singleTop"
39-->src/main/AndroidManifest.xml:18:13-43
40            android:theme="@style/LaunchTheme"
40-->src/main/AndroidManifest.xml:19:13-47
41            android:windowSoftInputMode="adjustResize" >
41-->src/main/AndroidManifest.xml:22:13-55
42            <intent-filter>
42-->src/main/AndroidManifest.xml:23:13-26:29
43                <action android:name="android.intent.action.MAIN" />
43-->src/main/AndroidManifest.xml:24:17-68
43-->src/main/AndroidManifest.xml:24:25-66
44
45                <category android:name="android.intent.category.LAUNCHER" />
45-->src/main/AndroidManifest.xml:25:17-76
45-->src/main/AndroidManifest.xml:25:27-74
46            </intent-filter>
47        </activity>
48        <!--
49             Don't delete the meta-data below.
50             This is used by the Flutter tool to generate GeneratedPluginRegistrant.java
51        -->
52        <meta-data
52-->src/main/AndroidManifest.xml:30:9-32:33
53            android:name="flutterEmbedding"
53-->src/main/AndroidManifest.xml:31:13-44
54            android:value="2" />
54-->src/main/AndroidManifest.xml:32:13-30
55        <!-- Needs to be explicitly declared on P+ -->
56        <uses-library
56-->[com.google.android.gms:play-services-maps:17.0.0] AndroidManifest.xml:33:9-35:40
57            android:name="org.apache.http.legacy"
57-->[com.google.android.gms:play-services-maps:17.0.0] AndroidManifest.xml:34:13-50
58            android:required="false" />
58-->[com.google.android.gms:play-services-maps:17.0.0] AndroidManifest.xml:35:13-37
59
60        <activity
60-->[com.google.android.gms:play-services-base:17.0.0] AndroidManifest.xml:23:9-26:75
61            android:name="com.google.android.gms.common.api.GoogleApiActivity"
61-->[com.google.android.gms:play-services-base:17.0.0] AndroidManifest.xml:24:13-79
62            android:exported="false"
62-->[com.google.android.gms:play-services-base:17.0.0] AndroidManifest.xml:25:13-37
63            android:theme="@android:style/Theme.Translucent.NoTitleBar" />
63-->[com.google.android.gms:play-services-base:17.0.0] AndroidManifest.xml:26:13-72
64
65        <meta-data
65-->[com.google.android.gms:play-services-basement:17.0.0] AndroidManifest.xml:23:9-25:69
66            android:name="com.google.android.gms.version"
66-->[com.google.android.gms:play-services-basement:17.0.0] AndroidManifest.xml:24:13-58
67            android:value="@integer/google_play_services_version" />
67-->[com.google.android.gms:play-services-basement:17.0.0] AndroidManifest.xml:25:13-66
68    </application>
69
70</manifest>